[debug] [2020-03-02T18:11:20.943Z] ----------------------------------------------------------------------
[debug] [2020-03-02T18:11:20.945Z] Command:       /Users/gabriels/.nvm/versions/node/v10.13.0/bin/node /Users/gabriels/.nvm/versions/node/v10.13.0/bin/firebase deploy
[debug] [2020-03-02T18:11:20.945Z] CLI Version:   7.14.0
[debug] [2020-03-02T18:11:20.945Z] Platform:      darwin
[debug] [2020-03-02T18:11:20.945Z] Node Version:  v10.13.0
[debug] [2020-03-02T18:11:20.949Z] Time:          Mon Mar 02 2020 15:11:20 GMT-0300 (Brasilia Standard Time)
[debug] [2020-03-02T18:11:20.949Z] ----------------------------------------------------------------------
[debug] [2020-03-02T18:11:20.949Z] 
[debug] [2020-03-02T18:11:20.959Z] > command requires scopes: ["email","openid","https://www.googleapis.com/auth/cloudplatformprojects.readonly","https://www.googleapis.com/auth/firebase","https://www.googleapis.com/auth/cloud-platform"]
[debug] [2020-03-02T18:11:20.959Z] > authorizing via signed-in user
[debug] [2020-03-02T18:11:20.960Z] [iam] checking project rotina-escolar-backend for permissions ["cloudfunctions.functions.create","cloudfunctions.functions.delete","cloudfunctions.functions.get","cloudfunctions.functions.list","cloudfunctions.functions.update","cloudfunctions.operations.get","firebase.projects.get"]
[debug] [2020-03-02T18:11:20.961Z] > refreshing access token with scopes: ["email","https://www.googleapis.com/auth/cloud-platform","https://www.googleapis.com/auth/cloudplatformprojects.readonly","https://www.googleapis.com/auth/firebase","openid"]
[debug] [2020-03-02T18:11:20.961Z] >>> HTTP REQUEST POST https://www.googleapis.com/oauth2/v3/token  
 <request body omitted>
[debug] [2020-03-02T18:11:21.882Z] <<< HTTP RESPONSE 200
[debug] [2020-03-02T18:11:21.895Z] >>> HTTP REQUEST POST https://cloudresourcemanager.googleapis.com/v1/projects/rotina-escolar-backend:testIamPermissions  

[debug] [2020-03-02T18:11:22.852Z] <<< HTTP RESPONSE 200
[info] 
[info] === Deploying to 'rotina-escolar-backend'...
[info] 
[info] i  deploying functions
[debug] [2020-03-02T18:11:24.609Z] > [functions] package.json contents: {
  "name": "functions",
  "description": "Cloud Functions for Firebase",
  "scripts": {
    "serve": "firebase emulators:start --only functions",
    "shell": "firebase functions:shell",
    "start": "npm run shell",
    "deploy": "firebase deploy --only functions",
    "logs": "firebase functions:log"
  },
  "engines": {
    "node": "10"
  },
  "dependencies": {
    "firebase-admin": "^8.6.0",
    "firebase-functions": "^3.3.0",
    "cors": "^2.8.5",
    "dotenv": "^8.2.0",
    "express": "^4.17.1",
    "mongoose": "^5.9.1",
    "node-schedule": "^1.3.2"
  },
  "devDependencies": {
    "firebase-functions-test": "^0.1.6"
  },
  "private": true
}
[info] i  functions: ensuring necessary APIs are enabled...
[debug] [2020-03-02T18:11:24.612Z] >>> HTTP REQUEST GET https://serviceusage.googleapis.com/v1/projects/rotina-escolar-backend/services/cloudfunctions.googleapis.com  
 
[debug] [2020-03-02T18:11:24.613Z] >>> HTTP REQUEST GET https://serviceusage.googleapis.com/v1/projects/rotina-escolar-backend/services/runtimeconfig.googleapis.com  
 
[debug] [2020-03-02T18:11:25.526Z] <<< HTTP RESPONSE 200
[debug] [2020-03-02T18:11:25.762Z] <<< HTTP RESPONSE 200
[info] ✔  functions: all necessary APIs are enabled
[debug] [2020-03-02T18:11:25.763Z] >>> HTTP REQUEST GET https://firebase.googleapis.com/v1beta1/projects/rotina-escolar-backend/adminSdkConfig  
 
[debug] [2020-03-02T18:11:26.601Z] <<< HTTP RESPONSE 200
[info] i  functions: preparing functions directory for uploading...
[debug] [2020-03-02T18:11:26.609Z] >>> HTTP REQUEST GET https://runtimeconfig.googleapis.com/v1beta1/projects/rotina-escolar-backend/configs  
 
[debug] [2020-03-02T18:11:27.625Z] <<< HTTP RESPONSE 200
[info] i  functions: packaged functions (33.82 KB) for uploading
[debug] [2020-03-02T18:11:28.556Z] >>> HTTP REQUEST POST https://cloudfunctions.googleapis.com/v1/projects/rotina-escolar-backend/locations/us-central1/functions:generateUploadUrl  
 
[debug] [2020-03-02T18:11:29.808Z] <<< HTTP RESPONSE 200
[debug] [2020-03-02T18:11:29.809Z] >>> HTTP REQUEST PUT https://storage.googleapis.com/gcf-upload-us-central1-7cae8c6d-8730-4906-982c-ae6430961038/45684674-d140-4120-8970-0f3c7690d542.zip?GoogleAccessId=service-228671353503@gcf-admin-robot.iam.gserviceaccount.com&Expires=1583174489&Signature=kCFWDLazpAm9yRpz73IHyhVRXzdYbcjNU%2BwpktkFL%2BB%2BhdpLcpfYP%2BY4TSE4yHOIk35NgYJsnVClsV%2BOFxJDZbaKCuxtIEGrNYzPdp6kRDhnwTVWg2W3F6BDbIjYXocma6p1OE9eyQIR%2BAlDZgxtoE%2Fovabmzh5MgcQ3Qp3ttMowKwj%2BDZynYWDsH10qZ%2BzR638VZiCY6fPh0jEJyQRDfpB2UvGrYlg8iDf6HmwRlipD2DVaFYpnyNRAEsnn%2Bzo24m5Oz0okZt%2FBJomOoOBHSJ3rF5k07PT51WP%2B3uU8KbLgxJu56eVVK392G7ADWjA5yZhvcm%2FwR0A1tuJ0P3LhMA%3D%3D  
 <request body omitted>
[debug] [2020-03-02T18:11:30.889Z] <<< HTTP RESPONSE 200
[info] ✔  functions: functions folder uploaded successfully
[debug] [2020-03-02T18:11:30.894Z] >>> HTTP REQUEST GET https://cloudfunctions.googleapis.com/v1/projects/rotina-escolar-backend/locations/-/functions  
 
[debug] [2020-03-02T18:11:31.606Z] <<< HTTP RESPONSE 200
[info] i  functions: updating Node.js 10 (Beta) function app(us-central1)...
[debug] [2020-03-02T18:11:31.608Z] Trigger is:  {"httpsTrigger":{}}
[debug] [2020-03-02T18:11:31.609Z] >>> HTTP REQUEST GET https://serviceusage.googleapis.com/v1/projects/rotina-escolar-backend/services/cloudscheduler.googleapis.com  
 
[debug] [2020-03-02T18:11:32.211Z] <<< HTTP RESPONSE 200
[debug] [2020-03-02T18:11:32.213Z] >>> HTTP REQUEST PATCH https://cloudfunctions.googleapis.com/v1/projects/rotina-escolar-backend/locations/us-central1/functions/app {"updateMask":"sourceUploadUrl,name,labels,runtime,httpsTrigger"} 

[debug] [2020-03-02T18:11:33.251Z] <<< HTTP RESPONSE 200
[debug] [2020-03-02T18:11:33.254Z] >>> HTTP REQUEST GET https://cloudfunctions.googleapis.com/v1/projects/rotina-escolar-backend/locations/-/functions  
 
[debug] [2020-03-02T18:11:33.995Z] <<< HTTP RESPONSE 200
[debug] [2020-03-02T18:11:33.997Z] >>> HTTP REQUEST GET https://cloudfunctions.googleapis.com/v1/operations/cm90aW5hLWVzY29sYXItYmFja2VuZC91cy1jZW50cmFsMS9hcHAvQVhrYW54WTJNSFE  
 
[debug] [2020-03-02T18:11:34.581Z] <<< HTTP RESPONSE 200
[debug] [2020-03-02T18:11:36.584Z] >>> HTTP REQUEST GET https://cloudfunctions.googleapis.com/v1/operations/cm90aW5hLWVzY29sYXItYmFja2VuZC91cy1jZW50cmFsMS9hcHAvQVhrYW54WTJNSFE  
 
[debug] [2020-03-02T18:11:37.129Z] <<< HTTP RESPONSE 200
[debug] [2020-03-02T18:11:39.134Z] >>> HTTP REQUEST GET https://cloudfunctions.googleapis.com/v1/operations/cm90aW5hLWVzY29sYXItYmFja2VuZC91cy1jZW50cmFsMS9hcHAvQVhrYW54WTJNSFE  
 
[debug] [2020-03-02T18:11:39.661Z] <<< HTTP RESPONSE 200
[debug] [2020-03-02T18:11:41.663Z] >>> HTTP REQUEST GET https://cloudfunctions.googleapis.com/v1/operations/cm90aW5hLWVzY29sYXItYmFja2VuZC91cy1jZW50cmFsMS9hcHAvQVhrYW54WTJNSFE  
 
[debug] [2020-03-02T18:11:42.177Z] <<< HTTP RESPONSE 200
[debug] [2020-03-02T18:11:44.181Z] >>> HTTP REQUEST GET https://cloudfunctions.googleapis.com/v1/operations/cm90aW5hLWVzY29sYXItYmFja2VuZC91cy1jZW50cmFsMS9hcHAvQVhrYW54WTJNSFE  
 
[debug] [2020-03-02T18:11:44.692Z] <<< HTTP RESPONSE 200
[debug] [2020-03-02T18:11:46.698Z] >>> HTTP REQUEST GET https://cloudfunctions.googleapis.com/v1/operations/cm90aW5hLWVzY29sYXItYmFja2VuZC91cy1jZW50cmFsMS9hcHAvQVhrYW54WTJNSFE  
 
[debug] [2020-03-02T18:11:47.217Z] <<< HTTP RESPONSE 200
[debug] [2020-03-02T18:11:49.221Z] >>> HTTP REQUEST GET https://cloudfunctions.googleapis.com/v1/operations/cm90aW5hLWVzY29sYXItYmFja2VuZC91cy1jZW50cmFsMS9hcHAvQVhrYW54WTJNSFE  
 
[debug] [2020-03-02T18:11:49.738Z] <<< HTTP RESPONSE 200
[debug] [2020-03-02T18:11:51.742Z] >>> HTTP REQUEST GET https://cloudfunctions.googleapis.com/v1/operations/cm90aW5hLWVzY29sYXItYmFja2VuZC91cy1jZW50cmFsMS9hcHAvQVhrYW54WTJNSFE  
 
[debug] [2020-03-02T18:11:52.242Z] <<< HTTP RESPONSE 200
[debug] [2020-03-02T18:11:54.247Z] >>> HTTP REQUEST GET https://cloudfunctions.googleapis.com/v1/operations/cm90aW5hLWVzY29sYXItYmFja2VuZC91cy1jZW50cmFsMS9hcHAvQVhrYW54WTJNSFE  
 
[debug] [2020-03-02T18:11:54.794Z] <<< HTTP RESPONSE 200
[debug] [2020-03-02T18:11:56.798Z] >>> HTTP REQUEST GET https://cloudfunctions.googleapis.com/v1/operations/cm90aW5hLWVzY29sYXItYmFja2VuZC91cy1jZW50cmFsMS9hcHAvQVhrYW54WTJNSFE  
 
[debug] [2020-03-02T18:11:57.306Z] <<< HTTP RESPONSE 200
[debug] [2020-03-02T18:11:59.308Z] >>> HTTP REQUEST GET https://cloudfunctions.googleapis.com/v1/operations/cm90aW5hLWVzY29sYXItYmFja2VuZC91cy1jZW50cmFsMS9hcHAvQVhrYW54WTJNSFE  
 
[debug] [2020-03-02T18:11:59.844Z] <<< HTTP RESPONSE 200
[debug] [2020-03-02T18:12:01.846Z] >>> HTTP REQUEST GET https://cloudfunctions.googleapis.com/v1/operations/cm90aW5hLWVzY29sYXItYmFja2VuZC91cy1jZW50cmFsMS9hcHAvQVhrYW54WTJNSFE  
 
[debug] [2020-03-02T18:12:02.356Z] <<< HTTP RESPONSE 200
[debug] [2020-03-02T18:12:04.363Z] >>> HTTP REQUEST GET https://cloudfunctions.googleapis.com/v1/operations/cm90aW5hLWVzY29sYXItYmFja2VuZC91cy1jZW50cmFsMS9hcHAvQVhrYW54WTJNSFE  
 
[debug] [2020-03-02T18:12:04.852Z] <<< HTTP RESPONSE 200
[debug] [2020-03-02T18:12:06.853Z] >>> HTTP REQUEST GET https://cloudfunctions.googleapis.com/v1/operations/cm90aW5hLWVzY29sYXItYmFja2VuZC91cy1jZW50cmFsMS9hcHAvQVhrYW54WTJNSFE  
 
[debug] [2020-03-02T18:12:07.369Z] <<< HTTP RESPONSE 200
[debug] [2020-03-02T18:12:09.370Z] >>> HTTP REQUEST GET https://cloudfunctions.googleapis.com/v1/operations/cm90aW5hLWVzY29sYXItYmFja2VuZC91cy1jZW50cmFsMS9hcHAvQVhrYW54WTJNSFE  
 
[debug] [2020-03-02T18:12:09.889Z] <<< HTTP RESPONSE 200
[debug] [2020-03-02T18:12:11.894Z] >>> HTTP REQUEST GET https://cloudfunctions.googleapis.com/v1/operations/cm90aW5hLWVzY29sYXItYmFja2VuZC91cy1jZW50cmFsMS9hcHAvQVhrYW54WTJNSFE  
 
[debug] [2020-03-02T18:12:12.400Z] <<< HTTP RESPONSE 200
[debug] [2020-03-02T18:12:14.405Z] >>> HTTP REQUEST GET https://cloudfunctions.googleapis.com/v1/operations/cm90aW5hLWVzY29sYXItYmFja2VuZC91cy1jZW50cmFsMS9hcHAvQVhrYW54WTJNSFE  
 
[debug] [2020-03-02T18:12:15.022Z] <<< HTTP RESPONSE 200
[debug] [2020-03-02T18:12:17.025Z] >>> HTTP REQUEST GET https://cloudfunctions.googleapis.com/v1/operations/cm90aW5hLWVzY29sYXItYmFja2VuZC91cy1jZW50cmFsMS9hcHAvQVhrYW54WTJNSFE  
 
[debug] [2020-03-02T18:12:17.546Z] <<< HTTP RESPONSE 200
[debug] [2020-03-02T18:12:19.548Z] >>> HTTP REQUEST GET https://cloudfunctions.googleapis.com/v1/operations/cm90aW5hLWVzY29sYXItYmFja2VuZC91cy1jZW50cmFsMS9hcHAvQVhrYW54WTJNSFE  
 
[debug] [2020-03-02T18:12:20.143Z] <<< HTTP RESPONSE 200
[debug] [2020-03-02T18:12:22.147Z] >>> HTTP REQUEST GET https://cloudfunctions.googleapis.com/v1/operations/cm90aW5hLWVzY29sYXItYmFja2VuZC91cy1jZW50cmFsMS9hcHAvQVhrYW54WTJNSFE  
 
[debug] [2020-03-02T18:12:22.715Z] <<< HTTP RESPONSE 200
[debug] [2020-03-02T18:12:24.720Z] >>> HTTP REQUEST GET https://cloudfunctions.googleapis.com/v1/operations/cm90aW5hLWVzY29sYXItYmFja2VuZC91cy1jZW50cmFsMS9hcHAvQVhrYW54WTJNSFE  
 
[debug] [2020-03-02T18:12:25.252Z] <<< HTTP RESPONSE 200
[debug] [2020-03-02T18:12:27.258Z] >>> HTTP REQUEST GET https://cloudfunctions.googleapis.com/v1/operations/cm90aW5hLWVzY29sYXItYmFja2VuZC91cy1jZW50cmFsMS9hcHAvQVhrYW54WTJNSFE  
 
[debug] [2020-03-02T18:12:27.857Z] <<< HTTP RESPONSE 200
[debug] [2020-03-02T18:12:29.859Z] >>> HTTP REQUEST GET https://cloudfunctions.googleapis.com/v1/operations/cm90aW5hLWVzY29sYXItYmFja2VuZC91cy1jZW50cmFsMS9hcHAvQVhrYW54WTJNSFE  
 
[debug] [2020-03-02T18:12:30.360Z] <<< HTTP RESPONSE 200
[debug] [2020-03-02T18:12:32.366Z] >>> HTTP REQUEST GET https://cloudfunctions.googleapis.com/v1/operations/cm90aW5hLWVzY29sYXItYmFja2VuZC91cy1jZW50cmFsMS9hcHAvQVhrYW54WTJNSFE  
 
[debug] [2020-03-02T18:12:32.888Z] <<< HTTP RESPONSE 200
[debug] [2020-03-02T18:12:34.889Z] >>> HTTP REQUEST GET https://cloudfunctions.googleapis.com/v1/operations/cm90aW5hLWVzY29sYXItYmFja2VuZC91cy1jZW50cmFsMS9hcHAvQVhrYW54WTJNSFE  
 
[debug] [2020-03-02T18:12:35.416Z] <<< HTTP RESPONSE 200
[debug] [2020-03-02T18:12:37.418Z] >>> HTTP REQUEST GET https://cloudfunctions.googleapis.com/v1/operations/cm90aW5hLWVzY29sYXItYmFja2VuZC91cy1jZW50cmFsMS9hcHAvQVhrYW54WTJNSFE  
 
[debug] [2020-03-02T18:12:37.911Z] <<< HTTP RESPONSE 200
[debug] [2020-03-02T18:12:39.914Z] >>> HTTP REQUEST GET https://cloudfunctions.googleapis.com/v1/operations/cm90aW5hLWVzY29sYXItYmFja2VuZC91cy1jZW50cmFsMS9hcHAvQVhrYW54WTJNSFE  
 
[debug] [2020-03-02T18:12:40.456Z] <<< HTTP RESPONSE 200
[debug] [2020-03-02T18:12:42.461Z] >>> HTTP REQUEST GET https://cloudfunctions.googleapis.com/v1/operations/cm90aW5hLWVzY29sYXItYmFja2VuZC91cy1jZW50cmFsMS9hcHAvQVhrYW54WTJNSFE  
 
[debug] [2020-03-02T18:12:42.983Z] <<< HTTP RESPONSE 200
[debug] [2020-03-02T18:12:44.987Z] >>> HTTP REQUEST GET https://cloudfunctions.googleapis.com/v1/operations/cm90aW5hLWVzY29sYXItYmFja2VuZC91cy1jZW50cmFsMS9hcHAvQVhrYW54WTJNSFE  
 
[debug] [2020-03-02T18:12:45.506Z] <<< HTTP RESPONSE 200
[debug] [2020-03-02T18:12:47.511Z] >>> HTTP REQUEST GET https://cloudfunctions.googleapis.com/v1/operations/cm90aW5hLWVzY29sYXItYmFja2VuZC91cy1jZW50cmFsMS9hcHAvQVhrYW54WTJNSFE  
 
[debug] [2020-03-02T18:12:48.014Z] <<< HTTP RESPONSE 200
[debug] [2020-03-02T18:12:50.015Z] >>> HTTP REQUEST GET https://cloudfunctions.googleapis.com/v1/operations/cm90aW5hLWVzY29sYXItYmFja2VuZC91cy1jZW50cmFsMS9hcHAvQVhrYW54WTJNSFE  
 
[debug] [2020-03-02T18:12:50.527Z] <<< HTTP RESPONSE 200
[debug] [2020-03-02T18:12:52.528Z] >>> HTTP REQUEST GET https://cloudfunctions.googleapis.com/v1/operations/cm90aW5hLWVzY29sYXItYmFja2VuZC91cy1jZW50cmFsMS9hcHAvQVhrYW54WTJNSFE  
 
[debug] [2020-03-02T18:12:53.034Z] <<< HTTP RESPONSE 200
[debug] [2020-03-02T18:12:55.036Z] >>> HTTP REQUEST GET https://cloudfunctions.googleapis.com/v1/operations/cm90aW5hLWVzY29sYXItYmFja2VuZC91cy1jZW50cmFsMS9hcHAvQVhrYW54WTJNSFE  
 
[debug] [2020-03-02T18:12:55.530Z] <<< HTTP RESPONSE 200
[debug] [2020-03-02T18:12:57.535Z] >>> HTTP REQUEST GET https://cloudfunctions.googleapis.com/v1/operations/cm90aW5hLWVzY29sYXItYmFja2VuZC91cy1jZW50cmFsMS9hcHAvQVhrYW54WTJNSFE  
 
[debug] [2020-03-02T18:12:58.072Z] <<< HTTP RESPONSE 200
[debug] [2020-03-02T18:13:00.075Z] >>> HTTP REQUEST GET https://cloudfunctions.googleapis.com/v1/operations/cm90aW5hLWVzY29sYXItYmFja2VuZC91cy1jZW50cmFsMS9hcHAvQVhrYW54WTJNSFE  
 
[debug] [2020-03-02T18:13:00.568Z] <<< HTTP RESPONSE 200
[debug] [2020-03-02T18:13:02.570Z] >>> HTTP REQUEST GET https://cloudfunctions.googleapis.com/v1/operations/cm90aW5hLWVzY29sYXItYmFja2VuZC91cy1jZW50cmFsMS9hcHAvQVhrYW54WTJNSFE  
 
[debug] [2020-03-02T18:13:03.066Z] <<< HTTP RESPONSE 200
[debug] [2020-03-02T18:13:05.071Z] >>> HTTP REQUEST GET https://cloudfunctions.googleapis.com/v1/operations/cm90aW5hLWVzY29sYXItYmFja2VuZC91cy1jZW50cmFsMS9hcHAvQVhrYW54WTJNSFE  
 
[debug] [2020-03-02T18:13:05.615Z] <<< HTTP RESPONSE 200
